<?xml version="1.0" encoding="UTF-8"?>
<!-- Generated by org.testng.reporters.JUnitXMLReporter -->
<testsuite ignored="0" hostname="RST8" failures="0" tests="3" name="Test" time="65.086" errors="0" timestamp="2021-09-09T11:32:23 IST">
  <testcase classname="testScripts.TC_001_Registration" name="Registration" time="15.394"/>
  <testcase classname="testScripts.TC_002_Login" name="loginTest" time="10.835"/>
  <testcase classname="testScripts.TC_003_SearchProduct" name="searchTest" time="11.885"/>
</testsuite> <!-- Test -->
